# JRE version: OpenJDK Runtime Environment (8.0_242-b01) (build 1.8.0_242-release-1644-b01)
# Java VM: OpenJDK 64-Bit Server VM (25.242-b01 mixed mode windows-amd64 compressed oops)
Heap:
 PSYoungGen      total 252928K, used 110772K [0x00000000d5580000, 0x00000000e6480000, 0x0000000100000000)
  eden space 233472K, 39% used [0x00000000d5580000,0x00000000dafc33a8,0x00000000e3980000)
  from space 19456K, 94% used [0x00000000e5080000,0x00000000e6269e80,0x00000000e6380000)
  to   space 22016K, 0% used [0x00000000e3980000,0x00000000e3980000,0x00000000e4f00000)
 ParOldGen       total 133120K, used 50843K [0x0000000080000000, 0x0000000088200000, 0x00000000d5580000)
  object space 133120K, 38% used [0x0000000080000000,0x00000000831a6d58,0x0000000088200000)
 Metaspace       used 94933K, capacity 99972K, committed 100096K, reserved 1136640K
  class space    used 12137K, capacity 13014K, committed 13056K, reserved 1048576K
GC Heap History (10 events):
Event: 2255.381 GC heap before
{Heap before GC invocations=30 (full 3):
 PSYoungGen      total 203776K, used 191497K [0x00000000d5580000, 0x00000000e2e80000, 0x0000000100000000)
  eden space 187392K, 98% used [0x00000000d5580000,0x00000000e0a4fbc0,0x00000000e0c80000)
  from space 16384K, 38% used [0x00000000e1e80000,0x00000000e24b2bb0,0x00000000e2e80000)
  to   space 17408K, 0% used [0x00000000e0c80000,0x00000000e0c80000,0x00000000e1d80000)
 ParOldGen       total 95744K, used 72441K [0x0000000080000000, 0x0000000085d80000, 0x00000000d5580000)
  object space 95744K, 75% used [0x0000000080000000,0x00000000846be458,0x0000000085d80000)
 Metaspace       used 93586K, capacity 98230K, committed 98304K, reserved 1134592K
  class space    used 12102K, capacity 13001K, committed 13056K, reserved 1048576K
Event: 2258.587 GC heap after
Heap after GC invocations=30 (full 3):
 PSYoungGen      total 204800K, used 8938K [0x00000000d5580000, 0x00000000e4680000, 0x0000000100000000)
  eden space 187392K, 0% used [0x00000000d5580000,0x00000000d5580000,0x00000000e0c80000)
  from space 17408K, 51% used [0x00000000e0c80000,0x00000000e153a908,0x00000000e1d80000)
  to   space 16896K, 0% used [0x00000000e3600000,0x00000000e3600000,0x00000000e4680000)
 ParOldGen       total 95744K, used 72718K [0x0000000080000000, 0x0000000085d80000, 0x00000000d5580000)
  object space 95744K, 75% used [0x0000000080000000,0x0000000084703bd8,0x0000000085d80000)
 Metaspace       used 93586K, capacity 98230K, committed 98304K, reserved 1134592K
  class space    used 12102K, capacity 13001K, committed 13056K, reserved 1048576K
}
Event: 2258.592 GC heap before
{Heap before GC invocations=31 (full 4):
 PSYoungGen      total 204800K, used 8938K [0x00000000d5580000, 0x00000000e4680000, 0x0000000100000000)
  eden space 187392K, 0% used [0x00000000d5580000,0x00000000d5580000,0x00000000e0c80000)
  from space 17408K, 51% used [0x00000000e0c80000,0x00000000e153a908,0x00000000e1d80000)
  to   space 16896K, 0% used [0x00000000e3600000,0x00000000e3600000,0x00000000e4680000)
 ParOldGen       total 95744K, used 72718K [0x0000000080000000, 0x0000000085d80000, 0x00000000d5580000)
  object space 95744K, 75% used [0x0000000080000000,0x0000000084703bd8,0x0000000085d80000)
 Metaspace       used 93586K, capacity 98230K, committed 98304K, reserved 1134592K
  class space    used 12102K, capacity 13001K, committed 13056K, reserved 1048576K
Event: 2284.825 GC heap after
Heap after GC invocations=31 (full 4):
 PSYoungGen      total 204800K, used 0K [0x00000000d5580000, 0x00000000e4680000, 0x0000000100000000)
  eden space 187392K, 0% used [0x00000000d5580000,0x00000000d5580000,0x00000000e0c80000)
  from space 17408K, 0% used [0x00000000e0c80000,0x00000000e0c80000,0x00000000e1d80000)
  to   space 16896K, 0% used [0x00000000e3600000,0x00000000e3600000,0x00000000e4680000)
 ParOldGen       total 133120K, used 50819K [0x0000000080000000, 0x0000000088200000, 0x00000000d5580000)
  object space 133120K, 38% used [0x0000000080000000,0x00000000831a0d58,0x0000000088200000)
 Metaspace       used 93316K, capacity 97618K, committed 98304K, reserved 1134592K
  class space    used 12030K, capacity 12871K, committed 13056K, reserved 1048576K
}
Event: 2348.401 GC heap before
{Heap before GC invocations=32 (full 4):
 PSYoungGen      total 204800K, used 187392K [0x00000000d5580000, 0x00000000e4680000, 0x0000000100000000)
  eden space 187392K, 100% used [0x00000000d5580000,0x00000000e0c80000,0x00000000e0c80000)
  from space 17408K, 0% used [0x00000000e0c80000,0x00000000e0c80000,0x00000000e1d80000)
  to   space 16896K, 0% used [0x00000000e3600000,0x00000000e3600000,0x00000000e4680000)
 ParOldGen       total 133120K, used 50819K [0x0000000080000000, 0x0000000088200000, 0x00000000d5580000)
  object space 133120K, 38% used [0x0000000080000000,0x00000000831a0d58,0x0000000088200000)
 Metaspace       used 93695K, capacity 98224K, committed 98816K, reserved 1134592K
  class space    used 12062K, capacity 12894K, committed 13056K, reserved 1048576K
Event: 2351.098 GC heap after
Heap after GC invocations=32 (full 4):
 PSYoungGen      total 228352K, used 15583K [0x00000000d5580000, 0x00000000e4b00000, 0x0000000100000000)
  eden space 211456K, 0% used [0x00000000d5580000,0x00000000d5580000,0x00000000e2400000)
  from space 16896K, 92% used [0x00000000e3600000,0x00000000e4537ff0,0x00000000e4680000)
  to   space 18432K, 0% used [0x00000000e2400000,0x00000000e2400000,0x00000000e3600000)
 ParOldGen       total 133120K, used 50827K [0x0000000080000000, 0x0000000088200000, 0x00000000d5580000)
  object space 133120K, 38% used [0x0000000080000000,0x00000000831a2d58,0x0000000088200000)
 Metaspace       used 93695K, capacity 98224K, committed 98816K, reserved 1134592K
  class space    used 12062K, capacity 12894K, committed 13056K, reserved 1048576K
}
Event: 3701.061 GC heap before
{Heap before GC invocations=33 (full 4):
 PSYoungGen      total 228352K, used 227039K [0x00000000d5580000, 0x00000000e4b00000, 0x0000000100000000)
  eden space 211456K, 100% used [0x00000000d5580000,0x00000000e2400000,0x00000000e2400000)
  from space 16896K, 92% used [0x00000000e3600000,0x00000000e4537ff0,0x00000000e4680000)
  to   space 18432K, 0% used [0x00000000e2400000,0x00000000e2400000,0x00000000e3600000)
 ParOldGen       total 133120K, used 50827K [0x0000000080000000, 0x0000000088200000, 0x00000000d5580000)
  object space 133120K, 38% used [0x0000000080000000,0x00000000831a2d58,0x0000000088200000)
 Metaspace       used 94296K, capacity 99010K, committed 99328K, reserved 1136640K
  class space    used 12089K, capacity 12943K, committed 13056K, reserved 1048576K
Event: 3701.404 GC heap after
Heap after GC invocations=33 (full 4):
 PSYoungGen      total 229888K, used 13942K [0x00000000d5580000, 0x00000000e6380000, 0x0000000100000000)
  eden space 211456K, 0% used [0x00000000d5580000,0x00000000d5580000,0x00000000e2400000)
  from space 18432K, 75% used [0x00000000e2400000,0x00000000e319db30,0x00000000e3600000)
  to   space 19456K, 0% used [0x00000000e5080000,0x00000000e5080000,0x00000000e6380000)
 ParOldGen       total 133120K, used 50835K [0x0000000080000000, 0x0000000088200000, 0x00000000d5580000)
  object space 133120K, 38% used [0x0000000080000000,0x00000000831a4d58,0x0000000088200000)
 Metaspace       used 94296K, capacity 99010K, committed 99328K, reserved 1136640K
  class space    used 12089K, capacity 12943K, committed 13056K, reserved 1048576K
}
Event: 4978.342 GC heap before
{Heap before GC invocations=34 (full 4):
 PSYoungGen      total 229888K, used 225398K [0x00000000d5580000, 0x00000000e6380000, 0x0000000100000000)
  eden space 211456K, 100% used [0x00000000d5580000,0x00000000e2400000,0x00000000e2400000)
  from space 18432K, 75% used [0x00000000e2400000,0x00000000e319db30,0x00000000e3600000)
  to   space 19456K, 0% used [0x00000000e5080000,0x00000000e5080000,0x00000000e6380000)
 ParOldGen       total 133120K, used 50835K [0x0000000080000000, 0x0000000088200000, 0x00000000d5580000)
  object space 133120K, 38% used [0x0000000080000000,0x00000000831a4d58,0x0000000088200000)
 Metaspace       used 94691K, capacity 99634K, committed 99840K, reserved 1136640K
  class space    used 12127K, capacity 13011K, committed 13056K, reserved 1048576K
Event: 4980.965 GC heap after
Heap after GC invocations=34 (full 4):
 PSYoungGen      total 252928K, used 18343K [0x00000000d5580000, 0x00000000e6480000, 0x0000000100000000)
  eden space 233472K, 0% used [0x00000000d5580000,0x00000000d5580000,0x00000000e3980000)
  from space 19456K, 94% used [0x00000000e5080000,0x00000000e6269e80,0x00000000e6380000)
  to   space 22016K, 0% used [0x00000000e3980000,0x00000000e3980000,0x00000000e4f00000)
 ParOldGen       total 133120K, used 50843K [0x0000000080000000, 0x0000000088200000, 0x00000000d5580000)
  object space 133120K, 38% used [0x0000000080000000,0x00000000831a6d58,0x0000000088200000)
 Metaspace       used 94691K, capacity 99634K, committed 99840K, reserved 1136640K
  class space    used 12127K, capacity 13011K, committed 13056K, reserved 1048576K
}

